<?xml version="1.0" encoding="UTF-8"?>
<!-- Generated by org.testng.reporters.JUnitXMLReporter -->
<testsuite hostname="LAPTOP-OQDN2K3N" ignored="0" name="Default test" tests="3" failures="0" timestamp="19 四月 2019 08:29:11 GMT" time="0.055" errors="0">
  <testcase name="testAdd" time="0.005" classname="pipline_test.MyUtilsTest"/>
  <testcase name="testMul" time="0.001" classname="pipline_test.MyUtilsTest"/>
  <testcase name="testSub" time="0.004" classname="pipline_test.MyUtilsTest"/>
</testsuite> <!-- Default test -->
