<?xml version="1.0" encoding="UTF-8"?>
<!-- Generated by org.testng.reporters.JUnitXMLReporter -->
<testsuite hostname="LAPTOP-OQDN2K3N" ignored="0" name="Command line test" tests="3" failures="0" timestamp="19 四月 2019 08:49:22 GMT" time="0.026" errors="0">
  <testcase name="testAdd" time="0.003" classname="pipline_test.MyUtilsTest"/>
  <testcase name="testMul" time="0.0" classname="pipline_test.MyUtilsTest"/>
  <testcase name="testSub" time="0.001" classname="pipline_test.MyUtilsTest"/>
</testsuite> <!-- Command line test -->
