-------------------------------------------------------------------------------
Test set: pipline_test.MyUtilsTest
-------------------------------------------------------------------------------
Tests run: 3, Failures: 1, Errors: 0, Skipped: 0, Time elapsed: 1.047 sec <<< FAILURE!
testMul(pipline_test.MyUtilsTest)  Time elapsed: 0.018 sec  <<< FAILURE!
java.lang.AssertionError: expected:<2.0> but was:<1.0>
	at org.junit.Assert.fail(Assert.java:88)
	at org.junit.Assert.failNotEquals(Assert.java:834)
	at org.junit.Assert.assertEquals(Assert.java:553)
	at org.junit.Assert.assertEquals(Assert.java:683)
	at pipline_test.MyUtilsTest.testMul(MyUtilsTest.java:38)

