<?xml version="1.0" encoding="UTF-8"?>
<testng-results skipped="0" failed="0" ignored="0" total="3" passed="3">
  <reporter-output>
  </reporter-output>
  <suite name="pipline_test.MyUtilsTest" duration-ms="26" started-at="2019-04-19T08:49:22Z" finished-at="2019-04-19T08:49:22Z">
    <groups>
    </groups>
    <test name="Command line test" duration-ms="26" started-at="2019-04-19T08:49:22Z" finished-at="2019-04-19T08:49:22Z">
      <class name="pipline_test.MyUtilsTest">
        <test-method status="PASS" signature="beforeClass()[pri:0, instance:pipline_test.MyUtilsTest@2d209079]" name="beforeClass" is-config="true" duration-ms="7" started-at="2019-04-19T16:49:22Z" finished-at="2019-04-19T16:49:22Z">
          <reporter-output>
          </reporter-output>
        </test-method> <!-- beforeClass -->
        <test-method status="PASS" signature="testAdd()[pri:0, instance:pipline_test.MyUtilsTest@2d209079]" name="testAdd" duration-ms="3" started-at="2019-04-19T16:49:22Z" finished-at="2019-04-19T16:49:22Z">
          <reporter-output>
          </reporter-output>
        </test-method> <!-- testAdd -->
        <test-method status="PASS" signature="testMul()[pri:0, instance:pipline_test.MyUtilsTest@2d209079]" name="testMul" duration-ms="0" started-at="2019-04-19T16:49:22Z" finished-at="2019-04-19T16:49:22Z">
          <reporter-output>
          </reporter-output>
        </test-method> <!-- testMul -->
        <test-method status="PASS" signature="testSub()[pri:0, instance:pipline_test.MyUtilsTest@2d209079]" name="testSub" duration-ms="1" started-at="2019-04-19T16:49:22Z" finished-at="2019-04-19T16:49:22Z">
          <reporter-output>
          </reporter-output>
        </test-method> <!-- testSub -->
        <test-method status="PASS" signature="afterClass()[pri:0, instance:pipline_test.MyUtilsTest@2d209079]" name="afterClass" is-config="true" duration-ms="0" started-at="2019-04-19T16:49:22Z" finished-at="2019-04-19T16:49:22Z">
          <reporter-output>
          </reporter-output>
        </test-method> <!-- afterClass -->
      </class> <!-- pipline_test.MyUtilsTest -->
    </test> <!-- Command line test -->
  </suite> <!-- pipline_test.MyUtilsTest -->
</testng-results>
