<?xml version="1.0" encoding="UTF-8"?>
<testng-results skipped="0" failed="0" ignored="0" total="3" passed="3">
  <reporter-output>
  </reporter-output>
  <suite name="Default suite" duration-ms="55" started-at="2019-04-19T08:29:11Z" finished-at="2019-04-19T08:29:11Z">
    <groups>
    </groups>
    <test name="Default test" duration-ms="55" started-at="2019-04-19T08:29:11Z" finished-at="2019-04-19T08:29:11Z">
      <class name="pipline_test.MyUtilsTest">
        <test-method status="PASS" signature="beforeClass()[pri:0, instance:pipline_test.MyUtilsTest@4cc0edeb]" name="beforeClass" is-config="true" duration-ms="13" started-at="2019-04-19T08:29:11Z" finished-at="2019-04-19T08:29:11Z">
          <reporter-output>
          </reporter-output>
        </test-method> <!-- beforeClass -->
        <test-method status="PASS" signature="testAdd()[pri:0, instance:pipline_test.MyUtilsTest@4cc0edeb]" name="testAdd" duration-ms="5" started-at="2019-04-19T08:29:11Z" finished-at="2019-04-19T08:29:11Z">
          <reporter-output>
          </reporter-output>
        </test-method> <!-- testAdd -->
        <test-method status="PASS" signature="testMul()[pri:0, instance:pipline_test.MyUtilsTest@4cc0edeb]" name="testMul" duration-ms="1" started-at="2019-04-19T08:29:11Z" finished-at="2019-04-19T08:29:11Z">
          <reporter-output>
          </reporter-output>
        </test-method> <!-- testMul -->
        <test-method status="PASS" signature="testSub()[pri:0, instance:pipline_test.MyUtilsTest@4cc0edeb]" name="testSub" duration-ms="4" started-at="2019-04-19T08:29:11Z" finished-at="2019-04-19T08:29:11Z">
          <reporter-output>
          </reporter-output>
        </test-method> <!-- testSub -->
        <test-method status="PASS" signature="afterClass()[pri:0, instance:pipline_test.MyUtilsTest@4cc0edeb]" name="afterClass" is-config="true" duration-ms="1" started-at="2019-04-19T08:29:11Z" finished-at="2019-04-19T08:29:11Z">
          <reporter-output>
          </reporter-output>
        </test-method> <!-- afterClass -->
      </class> <!-- pipline_test.MyUtilsTest -->
    </test> <!-- Default test -->
  </suite> <!-- Default suite -->
</testng-results>
