<?xml version="1.0" encoding="UTF-8"?>
<testng-results skipped="0" failed="0" ignored="0" total="3" passed="3">
  <reporter-output>
  </reporter-output>
  <suite name="Default suite" duration-ms="38" started-at="2019-04-19T03:41:48Z" finished-at="2019-04-19T03:41:48Z">
    <groups>
    </groups>
    <test name="Default test" duration-ms="38" started-at="2019-04-19T03:41:48Z" finished-at="2019-04-19T03:41:48Z">
      <class name="pipline_test.MyUtilsTest">
        <test-method status="PASS" signature="beforeClass()[pri:0, instance:pipline_test.MyUtilsTest@20e2cbe0]" name="beforeClass" is-config="true" duration-ms="8" started-at="2019-04-19T03:41:48Z" finished-at="2019-04-19T03:41:48Z">
          <reporter-output>
          </reporter-output>
        </test-method> <!-- beforeClass -->
        <test-method status="PASS" signature="testAdd()[pri:0, instance:pipline_test.MyUtilsTest@20e2cbe0]" name="testAdd" duration-ms="6" started-at="2019-04-19T03:41:48Z" finished-at="2019-04-19T03:41:48Z">
          <reporter-output>
          </reporter-output>
        </test-method> <!-- testAdd -->
        <test-method status="PASS" signature="testMul()[pri:0, instance:pipline_test.MyUtilsTest@20e2cbe0]" name="testMul" duration-ms="2" started-at="2019-04-19T03:41:48Z" finished-at="2019-04-19T03:41:48Z">
          <reporter-output>
          </reporter-output>
        </test-method> <!-- testMul -->
        <test-method status="PASS" signature="testSub()[pri:0, instance:pipline_test.MyUtilsTest@20e2cbe0]" name="testSub" duration-ms="1" started-at="2019-04-19T03:41:48Z" finished-at="2019-04-19T03:41:48Z">
          <reporter-output>
          </reporter-output>
        </test-method> <!-- testSub -->
        <test-method status="PASS" signature="afterClass()[pri:0, instance:pipline_test.MyUtilsTest@20e2cbe0]" name="afterClass" is-config="true" duration-ms="0" started-at="2019-04-19T03:41:48Z" finished-at="2019-04-19T03:41:48Z">
          <reporter-output>
          </reporter-output>
        </test-method> <!-- afterClass -->
      </class> <!-- pipline_test.MyUtilsTest -->
    </test> <!-- Default test -->
  </suite> <!-- Default suite -->
</testng-results>
